Arguments: 
  /usr/local/google/home/tvanderlippe/.nvm/versions/node/v8.1.4/bin/node /usr/local/google/home/tvanderlippe/.yarn/bin/yarn.js

PATH: 
  /usr/local/google/home/tvanderlippe/.yarn/bin:/usr/local/google/home/tvanderlippe/.nvm/versions/node/v8.1.4/bin:/usr/local/google/home/tvanderlippe/bin:/usr/lib/google-golang/bin:/usr/local/buildtools/java/jdk/bin:/usr/local/sbin:/usr/local/bin:/usr/sbin:/usr/bin:/sbin:/bin:/usr/local/google/home/tvanderlippe/depot_tools:/usr/local/google/home/tvanderlippe/bin:/usr/local/google/home/tvanderlippe/.config/yarn/global/node_modules/.bin:/usr/local/google/home/tvanderlippe/bin/wkhtmltox/bin

Yarn version: 
  1.0.0

Node version: 
  8.1.4

Platform: 
  linux x64

npm manifest: 
  {
      "dependencies": {
          "jimp": "^0.2.28"
      }
  }

yarn manifest: 
  No manifest

Lockfile: 
  No lockfile

Trace: 
  SyntaxError: /usr/local/google/home/tvanderlippe/projects/react-imgpro/package.json: Unexpected token } in JSON at position 497
      at JSON.parse (<anonymous>)
      at /usr/local/google/home/tvanderlippe/.yarn/lib/cli.js:797:57
      at Generator.next (<anonymous>)
      at step (/usr/local/google/home/tvanderlippe/.yarn/lib/cli.js:92:30)
      at /usr/local/google/home/tvanderlippe/.yarn/lib/cli.js:103:13
      at <anonymous>
